E:\GAMES\FRANKENGINE\FRANKENGINE\WIN32\DEBUG\ACTOR.OBJ
E:\GAMES\FRANKENGINE\FRANKENGINE\WIN32\DEBUG\CAMERA.OBJ
E:\Games\FrankEngine\FrankEngine\Win32\Debug\cl.command.1.tlog
E:\Games\FrankEngine\FrankEngine\Win32\Debug\CL.read.1.tlog
E:\Games\FrankEngine\FrankEngine\Win32\Debug\CL.write.1.tlog
E:\GAMES\FRANKENGINE\FRANKENGINE\WIN32\DEBUG\DEBUGCONSOLE.OBJ
E:\GAMES\FRANKENGINE\FRANKENGINE\WIN32\DEBUG\DEBUGMESSAGE.OBJ
E:\GAMES\FRANKENGINE\FRANKENGINE\WIN32\DEBUG\DEFERREDRENDER.OBJ
E:\GAMES\FRANKENGINE\FRANKENGINE\WIN32\DEBUG\DXUT.OBJ
E:\GAMES\FRANKENGINE\FRANKENGINE\WIN32\DEBUG\DXUTENUM.OBJ
E:\GAMES\FRANKENGINE\FRANKENGINE\WIN32\DEBUG\DXUTGUI.OBJ
E:\GAMES\FRANKENGINE\FRANKENGINE\WIN32\DEBUG\DXUTMISC.OBJ
E:\GAMES\FRANKENGINE\FRANKENGINE\WIN32\DEBUG\DXUTRES.OBJ
E:\GAMES\FRANKENGINE\FRANKENGINE\WIN32\DEBUG\EDITOR.OBJ
E:\GAMES\FRANKENGINE\FRANKENGINE\WIN32\DEBUG\EDITORGUI.OBJ
E:\GAMES\FRANKENGINE\FRANKENGINE\WIN32\DEBUG\FRANKDEBUGRENDER.OBJ
E:\GAMES\FRANKENGINE\FRANKENGINE\WIN32\DEBUG\FRANKENGINE.LIB
E:\GAMES\FRANKENGINE\FRANKENGINE\WIN32\DEBUG\FRANKENGINE.OBJ
E:\GAMES\FRANKENGINE\FRANKENGINE\WIN32\DEBUG\FRANKENGINE.PCH
E:\Games\FrankEngine\FrankEngine\Win32\Debug\FrankEngine.write.1.tlog
E:\GAMES\FRANKENGINE\FRANKENGINE\WIN32\DEBUG\FRANKFONT.OBJ
E:\GAMES\FRANKENGINE\FRANKENGINE\WIN32\DEBUG\FRANKFONTPARSER.OBJ
E:\GAMES\FRANKENGINE\FRANKENGINE\WIN32\DEBUG\FRANKMATH.OBJ
E:\GAMES\FRANKENGINE\FRANKENGINE\WIN32\DEBUG\FRANKPROFILER.OBJ
E:\GAMES\FRANKENGINE\FRANKENGINE\WIN32\DEBUG\FRANKRENDER.OBJ
E:\GAMES\FRANKENGINE\FRANKENGINE\WIN32\DEBUG\FRANKUTIL.OBJ
E:\GAMES\FRANKENGINE\FRANKENGINE\WIN32\DEBUG\GAMECONTROLBASE.OBJ
E:\GAMES\FRANKENGINE\FRANKENGINE\WIN32\DEBUG\GAMEOBJECT.OBJ
E:\GAMES\FRANKENGINE\FRANKENGINE\WIN32\DEBUG\GAMEOBJECTBUILDER.OBJ
E:\GAMES\FRANKENGINE\FRANKENGINE\WIN32\DEBUG\GAMEOBJECTMANAGER.OBJ
E:\GAMES\FRANKENGINE\FRANKENGINE\WIN32\DEBUG\GUIBASE.OBJ
E:\GAMES\FRANKENGINE\FRANKENGINE\WIN32\DEBUG\INPUTCONTROL.OBJ
E:\Games\FrankEngine\FrankEngine\Win32\Debug\lib.command.1.tlog
E:\Games\FrankEngine\FrankEngine\Win32\Debug\Lib-link.read.1.tlog
E:\Games\FrankEngine\FrankEngine\Win32\Debug\Lib-link.write.1.tlog
E:\GAMES\FRANKENGINE\FRANKENGINE\WIN32\DEBUG\LIGHT.OBJ
E:\GAMES\FRANKENGINE\FRANKENGINE\WIN32\DEBUG\MUSICCONTROL.OBJ
E:\GAMES\FRANKENGINE\FRANKENGINE\WIN32\DEBUG\OBJECTEDITOR.OBJ
E:\GAMES\FRANKENGINE\FRANKENGINE\WIN32\DEBUG\PARTICLESYSTEM.OBJ
E:\GAMES\FRANKENGINE\FRANKENGINE\WIN32\DEBUG\PERLINNOISE.OBJ
E:\GAMES\FRANKENGINE\FRANKENGINE\WIN32\DEBUG\PHYSICS.OBJ
E:\GAMES\FRANKENGINE\FRANKENGINE\WIN32\DEBUG\PHYSICSRENDER.OBJ
E:\GAMES\FRANKENGINE\FRANKENGINE\WIN32\DEBUG\PROJECTILE.OBJ
E:\GAMES\FRANKENGINE\FRANKENGINE\WIN32\DEBUG\SDKMISC.OBJ
E:\GAMES\FRANKENGINE\FRANKENGINE\WIN32\DEBUG\SDKSOUND.OBJ
E:\GAMES\FRANKENGINE\FRANKENGINE\WIN32\DEBUG\SDKWAVEFILE.OBJ
E:\GAMES\FRANKENGINE\FRANKENGINE\WIN32\DEBUG\SOUNDCONTROL.OBJ
E:\GAMES\FRANKENGINE\FRANKENGINE\WIN32\DEBUG\TERRAIN.OBJ
E:\GAMES\FRANKENGINE\FRANKENGINE\WIN32\DEBUG\TERRAINRENDER.OBJ
E:\GAMES\FRANKENGINE\FRANKENGINE\WIN32\DEBUG\TERRAINSURFACE.OBJ
E:\GAMES\FRANKENGINE\FRANKENGINE\WIN32\DEBUG\TERRAINTILE.OBJ
E:\GAMES\FRANKENGINE\FRANKENGINE\WIN32\DEBUG\TILEEDITOR.OBJ
E:\Games\FrankEngine\FrankEngine\Win32\Debug\vc100.idb
E:\GAMES\FRANKENGINE\FRANKENGINE\WIN32\DEBUG\VC100.PDB
E:\GAMES\FRANKENGINE\FRANKENGINE\WIN32\DEBUG\WEAPON.OBJ
