E:\GAMES\FRANKENGINE\OGGVORBIS\VORBIS\WIN32\VS2010\LIBVORBIS\WIN32\RELEASE\ANALYSIS.OBJ
E:\GAMES\FRANKENGINE\OGGVORBIS\VORBIS\WIN32\VS2010\LIBVORBIS\WIN32\RELEASE\BITRATE.OBJ
E:\GAMES\FRANKENGINE\OGGVORBIS\VORBIS\WIN32\VS2010\LIBVORBIS\WIN32\RELEASE\BLOCK.OBJ
E:\Games\FrankEngine\oggvorbis\vorbis\win32\VS2010\libvorbis\Win32\Release\cl.command.1.tlog
E:\Games\FrankEngine\oggvorbis\vorbis\win32\VS2010\libvorbis\Win32\Release\CL.read.1.tlog
E:\Games\FrankEngine\oggvorbis\vorbis\win32\VS2010\libvorbis\Win32\Release\CL.write.1.tlog
E:\GAMES\FRANKENGINE\OGGVORBIS\VORBIS\WIN32\VS2010\LIBVORBIS\WIN32\RELEASE\CODEBOOK.OBJ
E:\GAMES\FRANKENGINE\OGGVORBIS\VORBIS\WIN32\VS2010\LIBVORBIS\WIN32\RELEASE\ENVELOPE.OBJ
E:\GAMES\FRANKENGINE\OGGVORBIS\VORBIS\WIN32\VS2010\LIBVORBIS\WIN32\RELEASE\FLOOR0.OBJ
E:\GAMES\FRANKENGINE\OGGVORBIS\VORBIS\WIN32\VS2010\LIBVORBIS\WIN32\RELEASE\FLOOR1.OBJ
E:\GAMES\FRANKENGINE\OGGVORBIS\VORBIS\WIN32\VS2010\LIBVORBIS\WIN32\RELEASE\INFO.OBJ
E:\Games\FrankEngine\oggvorbis\vorbis\win32\VS2010\libvorbis\Win32\Release\lib.command.1.tlog
E:\Games\FrankEngine\oggvorbis\vorbis\win32\VS2010\libvorbis\Win32\Release\Lib-link.read.1.tlog
E:\Games\FrankEngine\oggvorbis\vorbis\win32\VS2010\libvorbis\Win32\Release\Lib-link.write.1.tlog
E:\GAMES\FRANKENGINE\OGGVORBIS\VORBIS\WIN32\VS2010\LIBVORBIS\WIN32\RELEASE\LIBVORBIS_STATIC.LIB
E:\GAMES\FRANKENGINE\OGGVORBIS\VORBIS\WIN32\VS2010\LIBVORBIS\WIN32\RELEASE\LOOKUP.OBJ
E:\GAMES\FRANKENGINE\OGGVORBIS\VORBIS\WIN32\VS2010\LIBVORBIS\WIN32\RELEASE\LPC.OBJ
E:\GAMES\FRANKENGINE\OGGVORBIS\VORBIS\WIN32\VS2010\LIBVORBIS\WIN32\RELEASE\LSP.OBJ
E:\GAMES\FRANKENGINE\OGGVORBIS\VORBIS\WIN32\VS2010\LIBVORBIS\WIN32\RELEASE\MAPPING0.OBJ
E:\GAMES\FRANKENGINE\OGGVORBIS\VORBIS\WIN32\VS2010\LIBVORBIS\WIN32\RELEASE\MDCT.OBJ
E:\GAMES\FRANKENGINE\OGGVORBIS\VORBIS\WIN32\VS2010\LIBVORBIS\WIN32\RELEASE\PSY.OBJ
E:\GAMES\FRANKENGINE\OGGVORBIS\VORBIS\WIN32\VS2010\LIBVORBIS\WIN32\RELEASE\REGISTRY.OBJ
E:\GAMES\FRANKENGINE\OGGVORBIS\VORBIS\WIN32\VS2010\LIBVORBIS\WIN32\RELEASE\RES0.OBJ
E:\GAMES\FRANKENGINE\OGGVORBIS\VORBIS\WIN32\VS2010\LIBVORBIS\WIN32\RELEASE\SHAREDBOOK.OBJ
E:\GAMES\FRANKENGINE\OGGVORBIS\VORBIS\WIN32\VS2010\LIBVORBIS\WIN32\RELEASE\SMALLFT.OBJ
E:\GAMES\FRANKENGINE\OGGVORBIS\VORBIS\WIN32\VS2010\LIBVORBIS\WIN32\RELEASE\SYNTHESIS.OBJ
E:\GAMES\FRANKENGINE\OGGVORBIS\VORBIS\WIN32\VS2010\LIBVORBIS\WIN32\RELEASE\VC100.PDB
E:\GAMES\FRANKENGINE\OGGVORBIS\VORBIS\WIN32\VS2010\LIBVORBIS\WIN32\RELEASE\VORBISENC.OBJ
E:\GAMES\FRANKENGINE\OGGVORBIS\VORBIS\WIN32\VS2010\LIBVORBIS\WIN32\RELEASE\WINDOW.OBJ
