Build started 2019-08-21 23:59:37.
     1>Project "E:\Games\FrankEngine\oggvorbis\vorbis\win32\VS2010\libvorbis\libvorbis_static.vcxproj" on node 2 (rebuild target(s)).
     1>_PrepareForClean:
         Deleting file "Win32\Release\libvorbis_static.lastbuildstate".
       InitializeBuildStatus:
         Creating "Win32\Release\libvorbis_static.unsuccessfulbuild" because "AlwaysCreate" was specified.
       ClCompile:
         C:\Program Files (x86)\Microsoft Visual Studio 10.0\VC\bin\CL.exe /c /I..\..\..\include /I..\..\..\..\libogg\include /I"..\..\..\..\libogg-1.1.3\include" /I..\..\..\..\ogg\include /I..\..\..\..\..\..\..\core\ogg\libogg\include /Zi /nologo /W0 /WX- /Ox /Ob2 /Oi /Ot /Oy /GT /GL /D WIN32 /D NDEBUG /D _WINDOWS /D _USRDLL /D LIBVORBIS_EXPORTS /D _VC80_UPGRADE=0x0710 /D _UNICODE /D UNICODE /GF /Gm- /MT /GS- /fp:precise /Zc:wchar_t /Zc:forScope /Fo"Win32\Release\\" /Fd"Win32\Release\vc100.pdb" /Gd /TC /wd4244 /wd4100 /wd4267 /wd4189 /wd4305 /wd4127 /wd4706 /analyze- /errorReport:prompt ..\..\..\lib\analysis.c ..\..\..\lib\bitrate.c ..\..\..\lib\block.c ..\..\..\lib\codebook.c ..\..\..\lib\envelope.c ..\..\..\lib\floor0.c ..\..\..\lib\floor1.c ..\..\..\lib\info.c ..\..\..\lib\lookup.c ..\..\..\lib\lpc.c ..\..\..\lib\lsp.c ..\..\..\lib\mapping0.c ..\..\..\lib\mdct.c ..\..\..\lib\psy.c ..\..\..\lib\registry.c ..\..\..\lib\res0.c ..\..\..\lib\sharedbook.c ..\..\..\lib\smallft.c ..\..\..\lib\synthesis.c ..\..\..\lib\vorbisenc.c ..\..\..\lib\window.c
         analysis.c
         bitrate.c
         block.c
         codebook.c
         envelope.c
         floor0.c
         floor1.c
         info.c
         lookup.c
         lpc.c
         lsp.c
         mapping0.c
         mdct.c
         psy.c
         registry.c
         res0.c
         sharedbook.c
         smallft.c
         synthesis.c
         vorbisenc.c
         Compiling...
         window.c
       Lib:
         C:\Program Files (x86)\Microsoft Visual Studio 10.0\VC\bin\Lib.exe /OUT:"Win32\Release\libvorbis_static.lib" /NOLOGO /LTCG Win32\Release\analysis.obj
         Win32\Release\bitrate.obj
         Win32\Release\block.obj
         Win32\Release\codebook.obj
         Win32\Release\envelope.obj
         Win32\Release\floor0.obj
         Win32\Release\floor1.obj
         Win32\Release\info.obj
         Win32\Release\lookup.obj
         Win32\Release\lpc.obj
         Win32\Release\lsp.obj
         Win32\Release\mapping0.obj
         Win32\Release\mdct.obj
         Win32\Release\psy.obj
         Win32\Release\registry.obj
         Win32\Release\res0.obj
         Win32\Release\sharedbook.obj
         Win32\Release\smallft.obj
         Win32\Release\synthesis.obj
         Win32\Release\vorbisenc.obj
         Win32\Release\window.obj
         libvorbis_static.vcxproj -> E:\Games\FrankEngine\oggvorbis\vorbis\win32\VS2010\libvorbis\Win32\Release\libvorbis_static.lib
       FinalizeBuildStatus:
         Deleting file "Win32\Release\libvorbis_static.unsuccessfulbuild".
         Touching "Win32\Release\libvorbis_static.lastbuildstate".
     1>Done Building Project "E:\Games\FrankEngine\oggvorbis\vorbis\win32\VS2010\libvorbis\libvorbis_static.vcxproj" (rebuild target(s)).

Build succeeded.

Time Elapsed 00:00:04.91
