E:\GAMES\FRANKENGINE\FRANKENGINE\WIN32\RELEASE\ACTOR.OBJ
E:\GAMES\FRANKENGINE\FRANKENGINE\WIN32\RELEASE\CAMERA.OBJ
E:\Games\FrankEngine\FrankEngine\Win32\Release\cl.command.1.tlog
E:\Games\FrankEngine\FrankEngine\Win32\Release\CL.read.1.tlog
E:\Games\FrankEngine\FrankEngine\Win32\Release\CL.write.1.tlog
E:\GAMES\FRANKENGINE\FRANKENGINE\WIN32\RELEASE\DEBUGCONSOLE.OBJ
E:\GAMES\FRANKENGINE\FRANKENGINE\WIN32\RELEASE\DEBUGMESSAGE.OBJ
E:\GAMES\FRANKENGINE\FRANKENGINE\WIN32\RELEASE\DEFERREDRENDER.OBJ
E:\GAMES\FRANKENGINE\FRANKENGINE\WIN32\RELEASE\DXUT.OBJ
E:\GAMES\FRANKENGINE\FRANKENGINE\WIN32\RELEASE\DXUTENUM.OBJ
E:\GAMES\FRANKENGINE\FRANKENGINE\WIN32\RELEASE\DXUTGUI.OBJ
E:\GAMES\FRANKENGINE\FRANKENGINE\WIN32\RELEASE\DXUTMISC.OBJ
E:\GAMES\FRANKENGINE\FRANKENGINE\WIN32\RELEASE\DXUTRES.OBJ
E:\GAMES\FRANKENGINE\FRANKENGINE\WIN32\RELEASE\EDITOR.OBJ
E:\GAMES\FRANKENGINE\FRANKENGINE\WIN32\RELEASE\EDITORGUI.OBJ
E:\GAMES\FRANKENGINE\FRANKENGINE\WIN32\RELEASE\FRANKDEBUGRENDER.OBJ
E:\GAMES\FRANKENGINE\FRANKENGINE\WIN32\RELEASE\FRANKENGINE.LIB
E:\GAMES\FRANKENGINE\FRANKENGINE\WIN32\RELEASE\FRANKENGINE.OBJ
E:\GAMES\FRANKENGINE\FRANKENGINE\WIN32\RELEASE\FRANKENGINE.PCH
E:\GAMES\FRANKENGINE\FRANKENGINE\WIN32\RELEASE\FRANKFONT.OBJ
E:\GAMES\FRANKENGINE\FRANKENGINE\WIN32\RELEASE\FRANKFONTPARSER.OBJ
E:\GAMES\FRANKENGINE\FRANKENGINE\WIN32\RELEASE\FRANKMATH.OBJ
E:\GAMES\FRANKENGINE\FRANKENGINE\WIN32\RELEASE\FRANKPROFILER.OBJ
E:\GAMES\FRANKENGINE\FRANKENGINE\WIN32\RELEASE\FRANKRENDER.OBJ
E:\GAMES\FRANKENGINE\FRANKENGINE\WIN32\RELEASE\FRANKUTIL.OBJ
E:\GAMES\FRANKENGINE\FRANKENGINE\WIN32\RELEASE\GAMECONTROLBASE.OBJ
E:\GAMES\FRANKENGINE\FRANKENGINE\WIN32\RELEASE\GAMEOBJECT.OBJ
E:\GAMES\FRANKENGINE\FRANKENGINE\WIN32\RELEASE\GAMEOBJECTBUILDER.OBJ
E:\GAMES\FRANKENGINE\FRANKENGINE\WIN32\RELEASE\GAMEOBJECTMANAGER.OBJ
E:\GAMES\FRANKENGINE\FRANKENGINE\WIN32\RELEASE\GUIBASE.OBJ
E:\GAMES\FRANKENGINE\FRANKENGINE\WIN32\RELEASE\INPUTCONTROL.OBJ
E:\Games\FrankEngine\FrankEngine\Win32\Release\lib.command.1.tlog
E:\Games\FrankEngine\FrankEngine\Win32\Release\Lib-link.read.1.tlog
E:\Games\FrankEngine\FrankEngine\Win32\Release\Lib-link.write.1.tlog
E:\GAMES\FRANKENGINE\FRANKENGINE\WIN32\RELEASE\LIGHT.OBJ
E:\GAMES\FRANKENGINE\FRANKENGINE\WIN32\RELEASE\MUSICCONTROL.OBJ
E:\GAMES\FRANKENGINE\FRANKENGINE\WIN32\RELEASE\OBJECTEDITOR.OBJ
E:\GAMES\FRANKENGINE\FRANKENGINE\WIN32\RELEASE\PARTICLESYSTEM.OBJ
E:\GAMES\FRANKENGINE\FRANKENGINE\WIN32\RELEASE\PERLINNOISE.OBJ
E:\GAMES\FRANKENGINE\FRANKENGINE\WIN32\RELEASE\PHYSICS.OBJ
E:\GAMES\FRANKENGINE\FRANKENGINE\WIN32\RELEASE\PHYSICSRENDER.OBJ
E:\GAMES\FRANKENGINE\FRANKENGINE\WIN32\RELEASE\PROJECTILE.OBJ
E:\GAMES\FRANKENGINE\FRANKENGINE\WIN32\RELEASE\SDKMISC.OBJ
E:\GAMES\FRANKENGINE\FRANKENGINE\WIN32\RELEASE\SDKSOUND.OBJ
E:\GAMES\FRANKENGINE\FRANKENGINE\WIN32\RELEASE\SDKWAVEFILE.OBJ
E:\GAMES\FRANKENGINE\FRANKENGINE\WIN32\RELEASE\SOUNDCONTROL.OBJ
E:\GAMES\FRANKENGINE\FRANKENGINE\WIN32\RELEASE\TERRAIN.OBJ
E:\GAMES\FRANKENGINE\FRANKENGINE\WIN32\RELEASE\TERRAINRENDER.OBJ
E:\GAMES\FRANKENGINE\FRANKENGINE\WIN32\RELEASE\TERRAINSURFACE.OBJ
E:\GAMES\FRANKENGINE\FRANKENGINE\WIN32\RELEASE\TERRAINTILE.OBJ
E:\GAMES\FRANKENGINE\FRANKENGINE\WIN32\RELEASE\TILEEDITOR.OBJ
E:\GAMES\FRANKENGINE\FRANKENGINE\WIN32\RELEASE\VC100.PDB
E:\GAMES\FRANKENGINE\FRANKENGINE\WIN32\RELEASE\WEAPON.OBJ
