bin\Debug\Box2D.pdb
E:\GAMES\FRANKENGINE\BOX2D\BUILD\VS2010\BIN\DEBUG\BOX2D.LIB
E:\GAMES\FRANKENGINE\BOX2D\BUILD\VS2010\BIN\DEBUG\BOX2D.PDB
E:\GAMES\FRANKENGINE\BOX2D\BUILD\VS2010\OBJ\X32\DEBUG\BOX2D\B2BLOCKALLOCATOR.OBJ
E:\GAMES\FRANKENGINE\BOX2D\BUILD\VS2010\OBJ\X32\DEBUG\BOX2D\B2BODY.OBJ
E:\GAMES\FRANKENGINE\BOX2D\BUILD\VS2010\OBJ\X32\DEBUG\BOX2D\B2BROADPHASE.OBJ
E:\GAMES\FRANKENGINE\BOX2D\BUILD\VS2010\OBJ\X32\DEBUG\BOX2D\B2CHAINANDCIRCLECONTACT.OBJ
E:\GAMES\FRANKENGINE\BOX2D\BUILD\VS2010\OBJ\X32\DEBUG\BOX2D\B2CHAINANDPOLYGONCONTACT.OBJ
E:\GAMES\FRANKENGINE\BOX2D\BUILD\VS2010\OBJ\X32\DEBUG\BOX2D\B2CHAINSHAPE.OBJ
E:\GAMES\FRANKENGINE\BOX2D\BUILD\VS2010\OBJ\X32\DEBUG\BOX2D\B2CIRCLECONTACT.OBJ
E:\GAMES\FRANKENGINE\BOX2D\BUILD\VS2010\OBJ\X32\DEBUG\BOX2D\B2CIRCLESHAPE.OBJ
E:\GAMES\FRANKENGINE\BOX2D\BUILD\VS2010\OBJ\X32\DEBUG\BOX2D\B2COLLIDECIRCLE.OBJ
E:\GAMES\FRANKENGINE\BOX2D\BUILD\VS2010\OBJ\X32\DEBUG\BOX2D\B2COLLIDEEDGE.OBJ
E:\GAMES\FRANKENGINE\BOX2D\BUILD\VS2010\OBJ\X32\DEBUG\BOX2D\B2COLLIDEPOLYGON.OBJ
E:\GAMES\FRANKENGINE\BOX2D\BUILD\VS2010\OBJ\X32\DEBUG\BOX2D\B2COLLISION.OBJ
E:\GAMES\FRANKENGINE\BOX2D\BUILD\VS2010\OBJ\X32\DEBUG\BOX2D\B2CONTACT.OBJ
E:\GAMES\FRANKENGINE\BOX2D\BUILD\VS2010\OBJ\X32\DEBUG\BOX2D\B2CONTACTMANAGER.OBJ
E:\GAMES\FRANKENGINE\BOX2D\BUILD\VS2010\OBJ\X32\DEBUG\BOX2D\B2CONTACTSOLVER.OBJ
E:\GAMES\FRANKENGINE\BOX2D\BUILD\VS2010\OBJ\X32\DEBUG\BOX2D\B2DISTANCE.OBJ
E:\GAMES\FRANKENGINE\BOX2D\BUILD\VS2010\OBJ\X32\DEBUG\BOX2D\B2DISTANCEJOINT.OBJ
E:\GAMES\FRANKENGINE\BOX2D\BUILD\VS2010\OBJ\X32\DEBUG\BOX2D\B2DRAW.OBJ
E:\GAMES\FRANKENGINE\BOX2D\BUILD\VS2010\OBJ\X32\DEBUG\BOX2D\B2DYNAMICTREE.OBJ
E:\GAMES\FRANKENGINE\BOX2D\BUILD\VS2010\OBJ\X32\DEBUG\BOX2D\B2EDGEANDCIRCLECONTACT.OBJ
E:\GAMES\FRANKENGINE\BOX2D\BUILD\VS2010\OBJ\X32\DEBUG\BOX2D\B2EDGEANDPOLYGONCONTACT.OBJ
E:\GAMES\FRANKENGINE\BOX2D\BUILD\VS2010\OBJ\X32\DEBUG\BOX2D\B2EDGESHAPE.OBJ
E:\GAMES\FRANKENGINE\BOX2D\BUILD\VS2010\OBJ\X32\DEBUG\BOX2D\B2FIXTURE.OBJ
E:\GAMES\FRANKENGINE\BOX2D\BUILD\VS2010\OBJ\X32\DEBUG\BOX2D\B2FRICTIONJOINT.OBJ
E:\GAMES\FRANKENGINE\BOX2D\BUILD\VS2010\OBJ\X32\DEBUG\BOX2D\B2GEARJOINT.OBJ
E:\GAMES\FRANKENGINE\BOX2D\BUILD\VS2010\OBJ\X32\DEBUG\BOX2D\B2ISLAND.OBJ
E:\GAMES\FRANKENGINE\BOX2D\BUILD\VS2010\OBJ\X32\DEBUG\BOX2D\B2JOINT.OBJ
E:\GAMES\FRANKENGINE\BOX2D\BUILD\VS2010\OBJ\X32\DEBUG\BOX2D\B2MATH.OBJ
E:\GAMES\FRANKENGINE\BOX2D\BUILD\VS2010\OBJ\X32\DEBUG\BOX2D\B2MOUSEJOINT.OBJ
E:\GAMES\FRANKENGINE\BOX2D\BUILD\VS2010\OBJ\X32\DEBUG\BOX2D\B2POLYGONANDCIRCLECONTACT.OBJ
E:\GAMES\FRANKENGINE\BOX2D\BUILD\VS2010\OBJ\X32\DEBUG\BOX2D\B2POLYGONCONTACT.OBJ
E:\GAMES\FRANKENGINE\BOX2D\BUILD\VS2010\OBJ\X32\DEBUG\BOX2D\B2POLYGONSHAPE.OBJ
E:\GAMES\FRANKENGINE\BOX2D\BUILD\VS2010\OBJ\X32\DEBUG\BOX2D\B2PRISMATICJOINT.OBJ
E:\GAMES\FRANKENGINE\BOX2D\BUILD\VS2010\OBJ\X32\DEBUG\BOX2D\B2PULLEYJOINT.OBJ
E:\GAMES\FRANKENGINE\BOX2D\BUILD\VS2010\OBJ\X32\DEBUG\BOX2D\B2REVOLUTEJOINT.OBJ
E:\GAMES\FRANKENGINE\BOX2D\BUILD\VS2010\OBJ\X32\DEBUG\BOX2D\B2ROPE.OBJ
E:\GAMES\FRANKENGINE\BOX2D\BUILD\VS2010\OBJ\X32\DEBUG\BOX2D\B2ROPEJOINT.OBJ
E:\GAMES\FRANKENGINE\BOX2D\BUILD\VS2010\OBJ\X32\DEBUG\BOX2D\B2SETTINGS.OBJ
E:\GAMES\FRANKENGINE\BOX2D\BUILD\VS2010\OBJ\X32\DEBUG\BOX2D\B2STACKALLOCATOR.OBJ
E:\GAMES\FRANKENGINE\BOX2D\BUILD\VS2010\OBJ\X32\DEBUG\BOX2D\B2TIMEOFIMPACT.OBJ
E:\GAMES\FRANKENGINE\BOX2D\BUILD\VS2010\OBJ\X32\DEBUG\BOX2D\B2TIMER.OBJ
E:\GAMES\FRANKENGINE\BOX2D\BUILD\VS2010\OBJ\X32\DEBUG\BOX2D\B2WELDJOINT.OBJ
E:\GAMES\FRANKENGINE\BOX2D\BUILD\VS2010\OBJ\X32\DEBUG\BOX2D\B2WHEELJOINT.OBJ
E:\GAMES\FRANKENGINE\BOX2D\BUILD\VS2010\OBJ\X32\DEBUG\BOX2D\B2WORLD.OBJ
E:\GAMES\FRANKENGINE\BOX2D\BUILD\VS2010\OBJ\X32\DEBUG\BOX2D\B2WORLDCALLBACKS.OBJ
E:\GAMES\FRANKENGINE\BOX2D\BUILD\VS2010\OBJ\X32\DEBUG\BOX2D\BOX2D.OBJ
E:\GAMES\FRANKENGINE\BOX2D\BUILD\VS2010\OBJ\X32\DEBUG\BOX2D\BOX2D.PCH
E:\Games\FrankEngine\box2d\Build\VS2010\obj\x32\Debug\Box2D\Box2D.write.1.tlog
E:\Games\FrankEngine\box2d\Build\VS2010\obj\x32\Debug\Box2D\cl.command.1.tlog
E:\Games\FrankEngine\box2d\Build\VS2010\obj\x32\Debug\Box2D\CL.read.1.tlog
E:\Games\FrankEngine\box2d\Build\VS2010\obj\x32\Debug\Box2D\CL.write.1.tlog
E:\Games\FrankEngine\box2d\Build\VS2010\obj\x32\Debug\Box2D\lib.command.1.tlog
E:\Games\FrankEngine\box2d\Build\VS2010\obj\x32\Debug\Box2D\Lib-link.read.1.tlog
E:\Games\FrankEngine\box2d\Build\VS2010\obj\x32\Debug\Box2D\Lib-link.write.1.tlog
