Build started 2019-08-22 00:21:47.
     1>Project "E:\Games\FrankEngine\oggvorbis\ogg\win32\VS2010\libogg_static.vcxproj" on node 3 (rebuild target(s)).
     1>_PrepareForClean:
         Deleting file "Win32\Debug\libogg_static.lastbuildstate".
       InitializeBuildStatus:
         Creating "Win32\Debug\libogg_static.unsuccessfulbuild" because "AlwaysCreate" was specified.
       ClCompile:
         C:\Program Files (x86)\Microsoft Visual Studio 10.0\VC\bin\CL.exe /c /I..\..\include /ZI /nologo /W1 /WX- /Od /D WIN32 /D _DEBUG /D _WINDOWS /D _USRDLL /D LIBOGG_EXPORTS /D _UNICODE /D UNICODE /Gm /EHsc /RTC1 /MTd /GS /fp:precise /Zc:wchar_t /Zc:forScope /Fo"Win32\Debug\\" /Fd"Win32\Debug\vc100.pdb" /Gd /TC /analyze- /errorReport:prompt ..\..\src\bitwise.c ..\..\src\framing.c
         framing.c
         bitwise.c
         Generating Code...
       Lib:
         C:\Program Files (x86)\Microsoft Visual Studio 10.0\VC\bin\Lib.exe /OUT:"Win32\Debug\libogg_static.lib" /NOLOGO Win32\Debug\bitwise.obj
         Win32\Debug\framing.obj
         libogg_static.vcxproj -> E:\Games\FrankEngine\oggvorbis\ogg\win32\VS2010\Win32\Debug\libogg_static.lib
       FinalizeBuildStatus:
         Deleting file "Win32\Debug\libogg_static.unsuccessfulbuild".
         Touching "Win32\Debug\libogg_static.lastbuildstate".
     1>Done Building Project "E:\Games\FrankEngine\oggvorbis\ogg\win32\VS2010\libogg_static.vcxproj" (rebuild target(s)).

Build succeeded.

Time Elapsed 00:00:00.97
