E:\GAMES\FRANKENGINE\OGGVORBIS\VORBIS\WIN32\VS2010\LIBVORBIS\WIN32\DEBUG\ANALYSIS.OBJ
E:\GAMES\FRANKENGINE\OGGVORBIS\VORBIS\WIN32\VS2010\LIBVORBIS\WIN32\DEBUG\BITRATE.OBJ
E:\GAMES\FRANKENGINE\OGGVORBIS\VORBIS\WIN32\VS2010\LIBVORBIS\WIN32\DEBUG\BLOCK.OBJ
E:\Games\FrankEngine\oggvorbis\vorbis\win32\VS2010\libvorbis\Win32\Debug\cl.command.1.tlog
E:\Games\FrankEngine\oggvorbis\vorbis\win32\VS2010\libvorbis\Win32\Debug\CL.read.1.tlog
E:\Games\FrankEngine\oggvorbis\vorbis\win32\VS2010\libvorbis\Win32\Debug\CL.write.1.tlog
E:\GAMES\FRANKENGINE\OGGVORBIS\VORBIS\WIN32\VS2010\LIBVORBIS\WIN32\DEBUG\CODEBOOK.OBJ
E:\GAMES\FRANKENGINE\OGGVORBIS\VORBIS\WIN32\VS2010\LIBVORBIS\WIN32\DEBUG\ENVELOPE.OBJ
E:\GAMES\FRANKENGINE\OGGVORBIS\VORBIS\WIN32\VS2010\LIBVORBIS\WIN32\DEBUG\FLOOR0.OBJ
E:\GAMES\FRANKENGINE\OGGVORBIS\VORBIS\WIN32\VS2010\LIBVORBIS\WIN32\DEBUG\FLOOR1.OBJ
E:\GAMES\FRANKENGINE\OGGVORBIS\VORBIS\WIN32\VS2010\LIBVORBIS\WIN32\DEBUG\INFO.OBJ
E:\Games\FrankEngine\oggvorbis\vorbis\win32\VS2010\libvorbis\Win32\Debug\lib.command.1.tlog
E:\Games\FrankEngine\oggvorbis\vorbis\win32\VS2010\libvorbis\Win32\Debug\Lib-link.read.1.tlog
E:\Games\FrankEngine\oggvorbis\vorbis\win32\VS2010\libvorbis\Win32\Debug\Lib-link.write.1.tlog
E:\GAMES\FRANKENGINE\OGGVORBIS\VORBIS\WIN32\VS2010\LIBVORBIS\WIN32\DEBUG\LIBVORBIS_STATIC.LIB
E:\Games\FrankEngine\oggvorbis\vorbis\win32\VS2010\libvorbis\Win32\Debug\libvorbis_static.write.1.tlog
E:\GAMES\FRANKENGINE\OGGVORBIS\VORBIS\WIN32\VS2010\LIBVORBIS\WIN32\DEBUG\LOOKUP.OBJ
E:\GAMES\FRANKENGINE\OGGVORBIS\VORBIS\WIN32\VS2010\LIBVORBIS\WIN32\DEBUG\LPC.OBJ
E:\GAMES\FRANKENGINE\OGGVORBIS\VORBIS\WIN32\VS2010\LIBVORBIS\WIN32\DEBUG\LSP.OBJ
E:\GAMES\FRANKENGINE\OGGVORBIS\VORBIS\WIN32\VS2010\LIBVORBIS\WIN32\DEBUG\MAPPING0.OBJ
E:\GAMES\FRANKENGINE\OGGVORBIS\VORBIS\WIN32\VS2010\LIBVORBIS\WIN32\DEBUG\MDCT.OBJ
E:\GAMES\FRANKENGINE\OGGVORBIS\VORBIS\WIN32\VS2010\LIBVORBIS\WIN32\DEBUG\PSY.OBJ
E:\GAMES\FRANKENGINE\OGGVORBIS\VORBIS\WIN32\VS2010\LIBVORBIS\WIN32\DEBUG\REGISTRY.OBJ
E:\GAMES\FRANKENGINE\OGGVORBIS\VORBIS\WIN32\VS2010\LIBVORBIS\WIN32\DEBUG\RES0.OBJ
E:\GAMES\FRANKENGINE\OGGVORBIS\VORBIS\WIN32\VS2010\LIBVORBIS\WIN32\DEBUG\SHAREDBOOK.OBJ
E:\GAMES\FRANKENGINE\OGGVORBIS\VORBIS\WIN32\VS2010\LIBVORBIS\WIN32\DEBUG\SMALLFT.OBJ
E:\GAMES\FRANKENGINE\OGGVORBIS\VORBIS\WIN32\VS2010\LIBVORBIS\WIN32\DEBUG\SYNTHESIS.OBJ
E:\Games\FrankEngine\oggvorbis\vorbis\win32\VS2010\libvorbis\Win32\Debug\vc100.idb
E:\GAMES\FRANKENGINE\OGGVORBIS\VORBIS\WIN32\VS2010\LIBVORBIS\WIN32\DEBUG\VC100.PDB
E:\GAMES\FRANKENGINE\OGGVORBIS\VORBIS\WIN32\VS2010\LIBVORBIS\WIN32\DEBUG\VORBISENC.OBJ
E:\GAMES\FRANKENGINE\OGGVORBIS\VORBIS\WIN32\VS2010\LIBVORBIS\WIN32\DEBUG\WINDOW.OBJ
