Build started 2019-08-22 00:21:47.
     1>Project "E:\Games\FrankEngine\oggvorbis\vorbis\win32\VS2010\libvorbis\libvorbis_static.vcxproj" on node 4 (rebuild target(s)).
     1>_PrepareForClean:
         Deleting file "Win32\Debug\libvorbis_static.lastbuildstate".
       InitializeBuildStatus:
         Creating "Win32\Debug\libvorbis_static.unsuccessfulbuild" because "AlwaysCreate" was specified.
       ClCompile:
         C:\Program Files (x86)\Microsoft Visual Studio 10.0\VC\bin\CL.exe /c /I..\..\..\include /I..\..\..\..\libogg\include /I"..\..\..\..\libogg-1.1.3\include" /I..\..\..\..\ogg\include /I..\..\..\..\..\..\..\core\ogg\libogg\include /ZI /nologo /W1 /WX- /Od /D WIN32 /D _DEBUG /D _WINDOWS /D _USRDLL /D LIBVORBIS_EXPORTS /D _VC80_UPGRADE=0x0710 /D _UNICODE /D UNICODE /Gm /EHsc /RTC1 /MTd /GS /fp:precise /Zc:wchar_t /Zc:forScope /Fo"Win32\Debug\\" /Fd"Win32\Debug\vc100.pdb" /Gd /TC /analyze- /errorReport:prompt ..\..\..\lib\analysis.c ..\..\..\lib\bitrate.c ..\..\..\lib\block.c ..\..\..\lib\codebook.c ..\..\..\lib\envelope.c ..\..\..\lib\floor0.c ..\..\..\lib\floor1.c ..\..\..\lib\info.c ..\..\..\lib\lookup.c ..\..\..\lib\lpc.c ..\..\..\lib\lsp.c ..\..\..\lib\mapping0.c ..\..\..\lib\mdct.c ..\..\..\lib\psy.c ..\..\..\lib\registry.c ..\..\..\lib\res0.c ..\..\..\lib\sharedbook.c ..\..\..\lib\smallft.c ..\..\..\lib\synthesis.c ..\..\..\lib\vorbisenc.c ..\..\..\lib\window.c
         window.c
         vorbisenc.c
         synthesis.c
         smallft.c
         sharedbook.c
         res0.c
         registry.c
         psy.c
         mdct.c
         mapping0.c
         lsp.c
         lpc.c
         lookup.c
         info.c
         floor1.c
         floor0.c
         envelope.c
         codebook.c
         block.c
         bitrate.c
         Generating Code...
         Compiling...
         analysis.c
         Generating Code...
       Lib:
         C:\Program Files (x86)\Microsoft Visual Studio 10.0\VC\bin\Lib.exe /OUT:"Win32\Debug\libvorbis_static.lib" /NOLOGO Win32\Debug\analysis.obj
         Win32\Debug\bitrate.obj
         Win32\Debug\block.obj
         Win32\Debug\codebook.obj
         Win32\Debug\envelope.obj
         Win32\Debug\floor0.obj
         Win32\Debug\floor1.obj
         Win32\Debug\info.obj
         Win32\Debug\lookup.obj
         Win32\Debug\lpc.obj
         Win32\Debug\lsp.obj
         Win32\Debug\mapping0.obj
         Win32\Debug\mdct.obj
         Win32\Debug\psy.obj
         Win32\Debug\registry.obj
         Win32\Debug\res0.obj
         Win32\Debug\sharedbook.obj
         Win32\Debug\smallft.obj
         Win32\Debug\synthesis.obj
         Win32\Debug\vorbisenc.obj
         Win32\Debug\window.obj
         libvorbis_static.vcxproj -> E:\Games\FrankEngine\oggvorbis\vorbis\win32\VS2010\libvorbis\Win32\Debug\libvorbis_static.lib
       FinalizeBuildStatus:
         Deleting file "Win32\Debug\libvorbis_static.unsuccessfulbuild".
         Touching "Win32\Debug\libvorbis_static.lastbuildstate".
     1>Done Building Project "E:\Games\FrankEngine\oggvorbis\vorbis\win32\VS2010\libvorbis\libvorbis_static.vcxproj" (rebuild target(s)).

Build succeeded.

Time Elapsed 00:00:02.81
